# JRE version: OpenJDK Runtime Environment (21.0.7) (build 21.0.7+-13880790-b1038.58)
# Java VM: OpenJDK 64-Bit Server VM (21.0.7+-13880790-b1038.58, mixed mode, tiered, compressed oops, compressed class ptrs, g1 gc, windows-amd64)
GC Precious Log:
 CardTable entry size: 512
 Card Set container configuration: InlinePtr #cards 5 size 8 Array Of Cards #cards 12 size 40 Howl #buckets 4 coarsen threshold 1843 Howl Bitmap #cards 512 size 80 coarsen threshold 460 Card regions per heap region 1 cards per card region 2048
 CPUs: 12 total, 12 available
 Memory: 7365M
 Large Page Support: Disabled
 NUMA Support: Disabled
 Compressed Oops: Enabled (32-bit)
 Heap Region Size: 1M
 Heap Min Capacity: 8M
 Heap Initial Capacity: 116M
 Heap Max Capacity: 1G
 Pre-touch: Disabled
 Parallel Workers: 10
 Concurrent Workers: 3
 Concurrent Refinement Workers: 10
 Periodic GC: Disabled
Heap:
 garbage-first heap   total 296960K, used 190407K [0x00000000c0000000, 0x0000000100000000)
  region size 1024K, 20 young (20480K), 7 survivors (7168K)
 Metaspace       used 128061K, committed 130432K, reserved 1179648K
  class space    used 17542K, committed 18752K, reserved 1048576K
GC Heap History (20 events):
Event: 11.115 GC heap before
{Heap before GC invocations=39 (full 0):
 garbage-first heap   total 227328K, used 204694K [0x00000000c0000000, 0x0000000100000000)
  region size 1024K, 69 young (70656K), 8 survivors (8192K)
 Metaspace       used 96519K, committed 98560K, reserved 1179648K
  class space    used 13220K, committed 14272K, reserved 1048576K
}
Event: 11.120 GC heap after
{Heap after GC invocations=40 (full 0):
 garbage-first heap   total 227328K, used 146218K [0x00000000c0000000, 0x0000000100000000)
  region size 1024K, 8 young (8192K), 8 survivors (8192K)
 Metaspace       used 96519K, committed 98560K, reserved 1179648K
  class space    used 13220K, committed 14272K, reserved 1048576K
}
Event: 11.871 GC heap before
{Heap before GC invocations=41 (full 0):
 garbage-first heap   total 245760K, used 205610K [0x00000000c0000000, 0x0000000100000000)
  region size 1024K, 66 young (67584K), 8 survivors (8192K)
 Metaspace       used 99371K, committed 101504K, reserved 1179648K
  class space    used 13620K, committed 14656K, reserved 1048576K
}
Event: 11.876 GC heap after
{Heap after GC invocations=42 (full 0):
 garbage-first heap   total 245760K, used 150241K [0x00000000c0000000, 0x0000000100000000)
  region size 1024K, 8 young (8192K), 8 survivors (8192K)
 Metaspace       used 99371K, committed 101504K, reserved 1179648K
  class space    used 13620K, committed 14656K, reserved 1048576K
}
Event: 12.648 GC heap before
{Heap before GC invocations=42 (full 0):
 garbage-first heap   total 245760K, used 224993K [0x00000000c0000000, 0x0000000100000000)
  region size 1024K, 80 young (81920K), 8 survivors (8192K)
 Metaspace       used 104962K, committed 107072K, reserved 1179648K
  class space    used 14549K, committed 15616K, reserved 1048576K
}
Event: 12.653 GC heap after
{Heap after GC invocations=43 (full 0):
 garbage-first heap   total 245760K, used 151611K [0x00000000c0000000, 0x0000000100000000)
  region size 1024K, 7 young (7168K), 7 survivors (7168K)
 Metaspace       used 104962K, committed 107072K, reserved 1179648K
  class space    used 14549K, committed 15616K, reserved 1048576K
}
Event: 13.074 GC heap before
{Heap before GC invocations=43 (full 0):
 garbage-first heap   total 245760K, used 190523K [0x00000000c0000000, 0x0000000100000000)
  region size 1024K, 46 young (47104K), 7 survivors (7168K)
 Metaspace       used 107850K, committed 110016K, reserved 1179648K
  class space    used 14974K, committed 16064K, reserved 1048576K
}
Event: 13.078 GC heap after
{Heap after GC invocations=44 (full 0):
 garbage-first heap   total 245760K, used 153617K [0x00000000c0000000, 0x0000000100000000)
  region size 1024K, 5 young (5120K), 5 survivors (5120K)
 Metaspace       used 107850K, committed 110016K, reserved 1179648K
  class space    used 14974K, committed 16064K, reserved 1048576K
}
Event: 13.701 GC heap before
{Heap before GC invocations=45 (full 0):
 garbage-first heap   total 261120K, used 227345K [0x00000000c0000000, 0x0000000100000000)
  region size 1024K, 75 young (76800K), 5 survivors (5120K)
 Metaspace       used 112830K, committed 115136K, reserved 1179648K
  class space    used 15699K, committed 16832K, reserved 1048576K
}
Event: 13.706 GC heap after
{Heap after GC invocations=46 (full 0):
 garbage-first heap   total 261120K, used 161303K [0x00000000c0000000, 0x0000000100000000)
  region size 1024K, 10 young (10240K), 10 survivors (10240K)
 Metaspace       used 112830K, committed 115136K, reserved 1179648K
  class space    used 15699K, committed 16832K, reserved 1048576K
}
Event: 14.144 GC heap before
{Heap before GC invocations=46 (full 0):
 garbage-first heap   total 261120K, used 236055K [0x00000000c0000000, 0x0000000100000000)
  region size 1024K, 83 young (84992K), 10 survivors (10240K)
 Metaspace       used 112831K, committed 115136K, reserved 1179648K
  class space    used 15699K, committed 16832K, reserved 1048576K
}
Event: 14.150 GC heap after
{Heap after GC invocations=47 (full 0):
 garbage-first heap   total 261120K, used 162708K [0x00000000c0000000, 0x0000000100000000)
  region size 1024K, 9 young (9216K), 9 survivors (9216K)
 Metaspace       used 112831K, committed 115136K, reserved 1179648K
  class space    used 15699K, committed 16832K, reserved 1048576K
}
Event: 14.562 GC heap before
{Heap before GC invocations=47 (full 0):
 garbage-first heap   total 261120K, used 236436K [0x00000000c0000000, 0x0000000100000000)
  region size 1024K, 81 young (82944K), 9 survivors (9216K)
 Metaspace       used 112846K, committed 115136K, reserved 1179648K
  class space    used 15703K, committed 16832K, reserved 1048576K
}
Event: 14.567 GC heap after
{Heap after GC invocations=48 (full 0):
 garbage-first heap   total 261120K, used 165425K [0x00000000c0000000, 0x0000000100000000)
  region size 1024K, 8 young (8192K), 8 survivors (8192K)
 Metaspace       used 112846K, committed 115136K, reserved 1179648K
  class space    used 15703K, committed 16832K, reserved 1048576K
}
Event: 15.150 GC heap before
{Heap before GC invocations=49 (full 0):
 garbage-first heap   total 278528K, used 235057K [0x00000000c0000000, 0x0000000100000000)
  region size 1024K, 77 young (78848K), 8 survivors (8192K)
 Metaspace       used 113546K, committed 115840K, reserved 1179648K
  class space    used 15772K, committed 16896K, reserved 1048576K
}
Event: 15.155 GC heap after
{Heap after GC invocations=50 (full 0):
 garbage-first heap   total 278528K, used 168389K [0x00000000c0000000, 0x0000000100000000)
  region size 1024K, 8 young (8192K), 8 survivors (8192K)
 Metaspace       used 113546K, committed 115840K, reserved 1179648K
  class space    used 15772K, committed 16896K, reserved 1048576K
}
Event: 16.032 GC heap before
{Heap before GC invocations=50 (full 0):
 garbage-first heap   total 278528K, used 254405K [0x00000000c0000000, 0x0000000100000000)
  region size 1024K, 91 young (93184K), 8 survivors (8192K)
 Metaspace       used 122505K, committed 124800K, reserved 1179648K
  class space    used 16952K, committed 18112K, reserved 1048576K
}
Event: 16.039 GC heap after
{Heap after GC invocations=51 (full 0):
 garbage-first heap   total 278528K, used 169951K [0x00000000c0000000, 0x0000000100000000)
  region size 1024K, 9 young (9216K), 9 survivors (9216K)
 Metaspace       used 122505K, committed 124800K, reserved 1179648K
  class space    used 16952K, committed 18112K, reserved 1048576K
}
Event: 16.471 GC heap before
{Heap before GC invocations=51 (full 0):
 garbage-first heap   total 278528K, used 209887K [0x00000000c0000000, 0x0000000100000000)
  region size 1024K, 50 young (51200K), 9 survivors (9216K)
 Metaspace       used 126101K, committed 128512K, reserved 1179648K
  class space    used 17385K, committed 18624K, reserved 1048576K
}
Event: 16.477 GC heap after
{Heap after GC invocations=52 (full 0):
 garbage-first heap   total 278528K, used 172999K [0x00000000c0000000, 0x0000000100000000)
  region size 1024K, 7 young (7168K), 7 survivors (7168K)
 Metaspace       used 126101K, committed 128512K, reserved 1179648K
  class space    used 17385K, committed 18624K, reserved 1048576K
}

